<?xml version="1.0" encoding="UTF-8"?>
<!-- Generated by org.testng.reporters.JUnitReportReporter -->
<testsuite hostname="SEZLP069" failures="0" tests="1" name="testcases.Testscript_TS_SDIR_002" time="14.186" errors="0" timestamp="2023-05-10T17:27:13 IST" skipped="0">
  <testcase classname="testcases.Testscript_TS_SDIR_002" name="TS_SDIR_002" time="14.186"/>
  <system-out/>
</testsuite> <!-- testcases.Testscript_TS_SDIR_002 -->
