<?xml version="1.0" encoding="UTF-8"?>
<!-- Generated by org.testng.reporters.JUnitReportReporter -->
<testsuite hostname="SEZLP069" failures="0" tests="1" name="testcases.testcasedemo" time="11.210" errors="0" timestamp="2023-04-21T09:35:49 IST" skipped="0">
  <testcase classname="testcases.testcasedemo" name="TS_SDIR_001" time="11.210"/>
  <system-out/>
</testsuite> <!-- testcases.testcasedemo -->
