<?xml version="1.0" encoding="UTF-8"?>
<!-- Generated by org.testng.reporters.JUnitReportReporter -->
<testsuite hostname="SEZLP536" failures="0" tests="1" name="Testscripts.Testscript_TS_SDIR_002" time="10.404" errors="0" timestamp="2023-07-26T22:03:10 IST" skipped="0">
  <testcase classname="Testscripts.Testscript_TS_SDIR_002" name="TS_SDIR_002" time="10.404"/>
  <system-out/>
</testsuite> <!-- Testscripts.Testscript_TS_SDIR_002 -->
