<?xml version="1.0" encoding="UTF-8"?>
<!-- Generated by org.testng.reporters.JUnitReportReporter -->
<testsuite skipped="0" hostname="Sushmithas-MacBook-Pro.local" name="testcases.webtest" tests="1" failures="0" timestamp="2022-09-29T21:52:09 IST" time="0.005" errors="0">
  <testcase name="TS_SDIR_003" time="0.005" classname="testcases.webtest"/>
  <system-out/>
</testsuite> <!-- testcases.webtest -->
