<?xml version="1.0" encoding="UTF-8"?>
<!-- Generated by org.testng.reporters.JUnitReportReporter -->
<testsuite skipped="0" hostname="Sushmithas-MacBook-Pro.local" name="testcases.homepage.Script_TS_011" tests="1" failures="0" timestamp="2023-01-03T17:03:55 IST" time="67.615" errors="0">
  <testcase name="TS_011" time="67.615" classname="testcases.homepage.Script_TS_011"/>
  <system-out/>
</testsuite> <!-- testcases.homepage.Script_TS_011 -->
