<?xml version="1.0" encoding="UTF-8"?>
<!-- Generated by org.testng.reporters.JUnitReportReporter -->
<testsuite hostname="SEZLP835" failures="0" tests="1" name="Testscripts.testsplit" time="0.010" errors="0" timestamp="2023-05-16T15:54:02 IST" skipped="0">
  <testcase classname="Testscripts.testsplit" name="run_testsplit" time="0.010"/>
  <system-out/>
</testsuite> <!-- Testscripts.testsplit -->
