<?xml version="1.0" encoding="UTF-8"?>
<!-- Generated by org.testng.reporters.JUnitReportReporter -->
<testsuite hostname="SEZLP069" failures="0" tests="1" name="testcases.Testscript_TS_SDIR_001" time="10.785" errors="0" timestamp="2023-05-10T17:26:16 IST" skipped="0">
  <testcase classname="testcases.Testscript_TS_SDIR_001" name="TS_SDIR_001" time="10.785"/>
  <system-out/>
</testsuite> <!-- testcases.Testscript_TS_SDIR_001 -->
