<?xml version="1.0" encoding="UTF-8"?>
<!-- Generated by org.testng.reporters.JUnitReportReporter -->
<testsuite hostname="SEZLP835" failures="0" tests="1" name="Testscripts.Testscript" time="0.011" errors="0" timestamp="2023-05-14T17:35:04 IST" skipped="0">
  <testcase classname="Testscripts.Testscript" name="run_testscript" time="0.011"/>
  <system-out/>
</testsuite> <!-- Testscripts.Testscript -->
