<?xml version="1.0" encoding="UTF-8"?>
<!-- Generated by org.testng.reporters.JUnitReportReporter -->
<testsuite hostname="SEZLP536" failures="0" tests="1" name="Testscripts.Testscript_TS_SDIR_001" time="11.098" errors="0" timestamp="2023-08-07T15:56:59 IST" skipped="0">
  <testcase classname="Testscripts.Testscript_TS_SDIR_001" name="TS_SDIR_001" time="11.098"/>
  <system-out/>
</testsuite> <!-- Testscripts.Testscript_TS_SDIR_001 -->
