<?xml version="1.0" encoding="UTF-8"?>
<!-- Generated by org.testng.reporters.JUnitReportReporter -->
<testsuite skipped="0" hostname="Sushmithas-MacBook-Pro.local" name="testcases.homepage.script_TS_031" tests="1" failures="0" timestamp="2023-01-03T17:03:55 IST" time="87.107" errors="0">
  <testcase name="TS_031" time="87.107" classname="testcases.homepage.script_TS_031"/>
  <system-out/>
</testsuite> <!-- testcases.homepage.script_TS_031 -->
