<?xml version="1.0" encoding="UTF-8"?>
<!-- Generated by org.testng.reporters.JUnitReportReporter -->
<testsuite skipped="0" hostname="Sushmithas-MacBook-Pro.local" name="testcases.iOSExecutionClass" tests="1" failures="0" timestamp="2022-12-28T19:41:54 IST" time="46.196" errors="0">
  <testcase name="TS_028" time="46.196" classname="testcases.iOSExecutionClass"/>
  <system-out/>
</testsuite> <!-- testcases.iOSExecutionClass -->
