<?xml version="1.0" encoding="UTF-8"?>
<!-- Generated by org.testng.reporters.JUnitReportReporter -->
<testsuite hostname="SEZLP069" failures="0" tests="1" name="testcases.testcasetesttest" time="10.802" errors="0" timestamp="2023-05-10T15:48:34 IST" skipped="0">
  <testcase classname="testcases.testcasetesttest" name="TS_SDIR_002" time="10.802"/>
  <system-out/>
</testsuite> <!-- testcases.testcasetesttest -->
