<?xml version="1.0" encoding="UTF-8"?>
<!-- Generated by org.testng.reporters.JUnitReportReporter -->
<testsuite hostname="SEZLP521" failures="0" tests="1" name="testcases.testcasedemo2" time="67.705" errors="0" timestamp="2023-02-25T19:20:16 IST" skipped="0">
  <testcase classname="testcases.testcasedemo2" name="TS_SDIR_002" time="67.705"/>
  <system-out/>
</testsuite> <!-- testcases.testcasedemo2 -->
